Release 13.2 Map O.61xd (nt64)
Xilinx Mapping Report File for Design 'TopLayer'

Design Information
------------------
Command Line   : map -intstyle ise -p xc6slx16-csg324-3 -w -logic_opt off -ol
high -t 1 -xt 0 -register_duplication off -r 4 -global_opt off -mt off -ir off
-pr off -lc off -power off -o TopLayer_map.ncd TopLayer.ngd TopLayer.pcf 
Target Device  : xc6slx16
Target Package : csg324
Target Speed   : -3
Mapper Version : spartan6 -- $Revision: 1.55 $
Mapped Date    : Sun Dec 04 16:13:52 2011

Design Summary
--------------
Number of errors:      0
Number of warnings:    3
Slice Logic Utilization:
  Number of Slice Registers:                   126 out of  18,224    1%
    Number used as Flip Flops:                 121
    Number used as Latches:                      5
    Number used as Latch-thrus:                  0
    Number used as AND/OR logics:                0
  Number of Slice LUTs:                        228 out of   9,112    2%
    Number used as logic:                      227 out of   9,112    2%
      Number using O6 output only:             177
      Number using O5 output only:              13
      Number using O5 and O6:                   37
      Number used as ROM:                        0
    Number used as Memory:                       0 out of   2,176    0%
    Number used exclusively as route-thrus:      1
      Number with same-slice register load:      0
      Number with same-slice carry load:         1
      Number with other load:                    0

Slice Logic Distribution:
  Number of occupied Slices:                    85 out of   2,278    3%
  Number of LUT Flip Flop pairs used:          250
    Number with an unused Flip Flop:           135 out of     250   54%
    Number with an unused LUT:                  22 out of     250    8%
    Number of fully used LUT-FF pairs:          93 out of     250   37%
    Number of unique control sets:               7
    Number of slice register sites lost
      to control set restrictions:              26 out of  18,224    1%

  A LUT Flip Flop pair for this architecture represents one LUT paired with
  one Flip Flop within a slice.  A control set is a unique combination of
  clock, reset, set, and enable signals for a registered element.
  The Slice Logic Distribution report is not meaningful if the design is
  over-mapped for a non-slice resource or if Placement fails.

IO Utilization:
  Number of bonded IOBs:                        83 out of     232   35%
    Number of LOCed IOBs:                       83 out of      83  100%
    IOB Latches:                                16

Specific Feature Utilization:
  Number of RAMB16BWERs:                         0 out of      32    0%
  Number of RAMB8BWERs:                          0 out of      64    0%
  Number of BUFIO2/BUFIO2_2CLKs:                 0 out of      32    0%
  Number of BUFIO2FB/BUFIO2FB_2CLKs:             0 out of      32    0%
  Number of BUFG/BUFGMUXs:                       1 out of      16    6%
    Number used as BUFGs:                        1
    Number used as BUFGMUX:                      0
  Number of DCM/DCM_CLKGENs:                     0 out of       4    0%
  Number of ILOGIC2/ISERDES2s:                   8 out of     248    3%
    Number used as ILOGIC2s:                     8
    Number used as ISERDES2s:                    0
  Number of IODELAY2/IODRP2/IODRP2_MCBs:         0 out of     248    0%
  Number of OLOGIC2/OSERDES2s:                   8 out of     248    3%
    Number used as OLOGIC2s:                     8
    Number used as OSERDES2s:                    0
  Number of BSCANs:                              0 out of       4    0%
  Number of BUFHs:                               0 out of     128    0%
  Number of BUFPLLs:                             0 out of       8    0%
  Number of BUFPLL_MCBs:                         0 out of       4    0%
  Number of DSP48A1s:                            0 out of      32    0%
  Number of ICAPs:                               0 out of       1    0%
  Number of MCBs:                                0 out of       2    0%
  Number of PCILOGICSEs:                         0 out of       2    0%
  Number of PLL_ADVs:                            0 out of       2    0%
  Number of PMVs:                                0 out of       1    0%
  Number of STARTUPs:                            0 out of       1    0%
  Number of SUSPEND_SYNCs:                       0 out of       1    0%

Average Fanout of Non-Clock Nets:                3.36

Peak Memory Usage:  339 MB
Total REAL time to MAP completion:  10 secs 
Total CPU time to MAP completion:   10 secs 

Table of Contents
-----------------
Section 1 - Errors
Section 2 - Warnings
Section 3 - Informational
Section 4 - Removed Logic Summary
Section 5 - Removed Logic
Section 6 - IOB Properties
Section 7 - RPMs
Section 8 - Guide Report
Section 9 - Area Group and Partition Summary
Section 10 - Timing Report
Section 11 - Configuration String Information
Section 12 - Control Set Information
Section 13 - Utilization by Hierarchy

Section 1 - Errors
------------------

Section 2 - Warnings
--------------------
WARNING:PhysDesignRules:372 - Gated clock. Clock net memcntrl_adr_1_G is sourced
   by a combinatorial pin. This is not good design practice. Use the CE pin to
   control the loading of data into the flip-flop.
WARNING:PhysDesignRules:372 - Gated clock. Clock net memcntrl_rw_1_D is sourced
   by a combinatorial pin. This is not good design practice. Use the CE pin to
   control the loading of data into the flip-flop.
WARNING:PhysDesignRules:367 - The signal <btns_IBUF> is incomplete. The signal
   does not drive any load pins in the design.

Section 3 - Informational
-------------------------
INFO:LIT:243 - Logical network btn<4> has no load.
INFO:LIT:395 - The above info message is repeated 5 more times for the following
   (max. 5 shown):
   btn<3>,
   btn<2>,
   btn<1>,
   btn<0>,
   btns_IBUF
   To see the details of these info messages, please use the -detail switch.
INFO:MapLib:562 - No environment variables are currently set.
INFO:LIT:244 - All of the single ended outputs in this design are using slew
   rate limited output drivers. The delay on speed critical single ended outputs
   can be dramatically reduced by designating them as fast outputs.
INFO:Pack:1716 - Initializing temperature to 85.000 Celsius. (default - Range:
   0.000 to 85.000 Celsius)
INFO:Pack:1720 - Initializing voltage to 1.140 Volts. (default - Range: 1.140 to
   1.260 Volts)
INFO:Map:215 - The Interim Design Summary has been generated in the MAP Report
   (.mrp).
INFO:Pack:1650 - Map created a placed design.

Section 4 - Removed Logic Summary
---------------------------------
   2 block(s) optimized away

Section 5 - Removed Logic
-------------------------

Optimized Block(s):
TYPE 		BLOCK
GND 		XST_GND
VCC 		XST_VCC

To enable printing of redundant blocks removed and signals merged, set the
detailed map report option and rerun map.

Section 6 - IOB Properties
--------------------------

+---------------------------------------------------------------------------------------------------------------------------------------------------------+
| IOB Name                           | Type             | Direction | IO Standard          | Diff  | Drive    | Slew | Reg (s)      | Resistor | IOB      |
|                                    |                  |           |                      | Term  | Strength | Rate |              |          | Delay    |
+---------------------------------------------------------------------------------------------------------------------------------------------------------+
| Data<0>                            | IOB              | BIDIR     | LVCMOS33             |       | 12       | SLOW |              |          |          |
| Data<1>                            | IOB              | BIDIR     | LVCMOS33             |       | 12       | SLOW |              |          |          |
| Data<2>                            | IOB              | BIDIR     | LVCMOS33             |       | 12       | SLOW |              |          |          |
| Data<3>                            | IOB              | BIDIR     | LVCMOS33             |       | 12       | SLOW |              |          |          |
| Data<4>                            | IOB              | BIDIR     | LVCMOS33             |       | 12       | SLOW |              |          |          |
| Data<5>                            | IOB              | BIDIR     | LVCMOS33             |       | 12       | SLOW |              |          |          |
| Data<6>                            | IOB              | BIDIR     | LVCMOS33             |       | 12       | SLOW |              |          |          |
| Data<7>                            | IOB              | BIDIR     | LVCMOS33             |       | 12       | SLOW |              |          |          |
| Data<8>                            | IOB              | BIDIR     | LVCMOS33             |       | 12       | SLOW |              |          |          |
| Data<9>                            | IOB              | BIDIR     | LVCMOS33             |       | 12       | SLOW |              |          |          |
| Data<10>                           | IOB              | BIDIR     | LVCMOS33             |       | 12       | SLOW |              |          |          |
| Data<11>                           | IOB              | BIDIR     | LVCMOS33             |       | 12       | SLOW |              |          |          |
| Data<12>                           | IOB              | BIDIR     | LVCMOS33             |       | 12       | SLOW |              |          |          |
| Data<13>                           | IOB              | BIDIR     | LVCMOS33             |       | 12       | SLOW |              |          |          |
| Data<14>                           | IOB              | BIDIR     | LVCMOS33             |       | 12       | SLOW |              |          |          |
| Data<15>                           | IOB              | BIDIR     | LVCMOS33             |       | 12       | SLOW |              |          |          |
| MemAdr<1>                          | IOB              | OUTPUT    | LVCMOS33             |       | 12       | SLOW |              |          |          |
| MemAdr<2>                          | IOB              | OUTPUT    | LVCMOS33             |       | 12       | SLOW |              |          |          |
| MemAdr<3>                          | IOB              | OUTPUT    | LVCMOS33             |       | 12       | SLOW |              |          |          |
| MemAdr<4>                          | IOB              | OUTPUT    | LVCMOS33             |       | 12       | SLOW |              |          |          |
| MemAdr<5>                          | IOB              | OUTPUT    | LVCMOS33             |       | 12       | SLOW |              |          |          |
| MemAdr<6>                          | IOB              | OUTPUT    | LVCMOS33             |       | 12       | SLOW |              |          |          |
| MemAdr<7>                          | IOB              | OUTPUT    | LVCMOS33             |       | 12       | SLOW |              |          |          |
| MemAdr<8>                          | IOB              | OUTPUT    | LVCMOS33             |       | 12       | SLOW |              |          |          |
| MemAdr<9>                          | IOB              | OUTPUT    | LVCMOS33             |       | 12       | SLOW |              |          |          |
| MemAdr<10>                         | IOB              | OUTPUT    | LVCMOS33             |       | 12       | SLOW |              |          |          |
| MemAdr<11>                         | IOB              | OUTPUT    | LVCMOS33             |       | 12       | SLOW |              |          |          |
| MemAdr<12>                         | IOB              | OUTPUT    | LVCMOS33             |       | 12       | SLOW |              |          |          |
| MemAdr<13>                         | IOB              | OUTPUT    | LVCMOS33             |       | 12       | SLOW |              |          |          |
| MemAdr<14>                         | IOB              | OUTPUT    | LVCMOS33             |       | 12       | SLOW |              |          |          |
| MemAdr<15>                         | IOB              | OUTPUT    | LVCMOS33             |       | 12       | SLOW |              |          |          |
| MemAdr<16>                         | IOB              | OUTPUT    | LVCMOS33             |       | 12       | SLOW |              |          |          |
| MemAdr<17>                         | IOB              | OUTPUT    | LVCMOS33             |       | 12       | SLOW |              |          |          |
| MemAdr<18>                         | IOB              | OUTPUT    | LVCMOS33             |       | 12       | SLOW |              |          |          |
| MemAdr<19>                         | IOB              | OUTPUT    | LVCMOS33             |       | 12       | SLOW |              |          |          |
| MemAdr<20>                         | IOB              | OUTPUT    | LVCMOS33             |       | 12       | SLOW |              |          |          |
| MemAdr<21>                         | IOB              | OUTPUT    | LVCMOS33             |       | 12       | SLOW |              |          |          |
| MemAdr<22>                         | IOB              | OUTPUT    | LVCMOS33             |       | 12       | SLOW |              |          |          |
| MemAdr<23>                         | IOB              | OUTPUT    | LVCMOS33             |       | 12       | SLOW |              |          |          |
| MemAdr<24>                         | IOB              | OUTPUT    | LVCMOS33             |       | 12       | SLOW |              |          |          |
| MemAdv                             | IOB              | OUTPUT    | LVCMOS33             |       | 12       | SLOW |              |          |          |
| MemClk                             | IOB              | OUTPUT    | LVCMOS33             |       | 12       | SLOW |              |          |          |
| MemWE                              | IOB              | OUTPUT    | LVCMOS33             |       | 12       | SLOW |              |          |          |
| MemWait                            | IOB              | OUTPUT    | LVCMOS33             |       | 12       | SLOW |              |          |          |
| RamCE                              | IOB              | OUTPUT    | LVCMOS33             |       | 12       | SLOW |              |          |          |
| RamCRE                             | IOB              | OUTPUT    | LVCMOS33             |       | 12       | SLOW |              |          |          |
| RamLB                              | IOB              | OUTPUT    | LVCMOS33             |       | 12       | SLOW |              |          |          |
| RamOE                              | IOB              | OUTPUT    | LVCMOS33             |       | 12       | SLOW |              |          |          |
| RamUB                              | IOB              | OUTPUT    | LVCMOS33             |       | 12       | SLOW |              |          |          |
| an<0>                              | IOB              | OUTPUT    | LVCMOS33             |       | 12       | SLOW |              |          |          |
| an<1>                              | IOB              | OUTPUT    | LVCMOS33             |       | 12       | SLOW |              |          |          |
| an<2>                              | IOB              | OUTPUT    | LVCMOS33             |       | 12       | SLOW |              |          |          |
| an<3>                              | IOB              | OUTPUT    | LVCMOS33             |       | 12       | SLOW |              |          |          |
| btnd                               | IOB              | INPUT     | LVCMOS33             |       |          |      |              |          |          |
| btnl                               | IOB              | INPUT     | LVCMOS33             |       |          |      |              |          |          |
| btnr                               | IOB              | INPUT     | LVCMOS33             |       |          |      |              |          |          |
| btns                               | IOB              | INPUT     | LVCMOS33             |       |          |      |              |          |          |
| btnu                               | IOB              | INPUT     | LVCMOS33             |       |          |      |              |          |          |
| clk                                | IOB              | INPUT     | LVCMOS33             |       |          |      |              |          |          |
| led<0>                             | IOB              | OUTPUT    | LVCMOS33             |       | 12       | SLOW | OLATCH       |          |          |
| led<1>                             | IOB              | OUTPUT    | LVCMOS33             |       | 12       | SLOW | OLATCH       |          |          |
| led<2>                             | IOB              | OUTPUT    | LVCMOS33             |       | 12       | SLOW | OLATCH       |          |          |
| led<3>                             | IOB              | OUTPUT    | LVCMOS33             |       | 12       | SLOW | OLATCH       |          |          |
| led<4>                             | IOB              | OUTPUT    | LVCMOS33             |       | 12       | SLOW | OLATCH       |          |          |
| led<5>                             | IOB              | OUTPUT    | LVCMOS33             |       | 12       | SLOW | OLATCH       |          |          |
| led<6>                             | IOB              | OUTPUT    | LVCMOS33             |       | 12       | SLOW | OLATCH       |          |          |
| led<7>                             | IOB              | OUTPUT    | LVCMOS33             |       | 12       | SLOW | OLATCH       |          |          |
| seg<0>                             | IOB              | OUTPUT    | LVCMOS33             |       | 12       | SLOW |              |          |          |
| seg<1>                             | IOB              | OUTPUT    | LVCMOS33             |       | 12       | SLOW |              |          |          |
| seg<2>                             | IOB              | OUTPUT    | LVCMOS33             |       | 12       | SLOW |              |          |          |
| seg<3>                             | IOB              | OUTPUT    | LVCMOS33             |       | 12       | SLOW |              |          |          |
| seg<4>                             | IOB              | OUTPUT    | LVCMOS33             |       | 12       | SLOW |              |          |          |
| seg<5>                             | IOB              | OUTPUT    | LVCMOS33             |       | 12       | SLOW |              |          |          |
| seg<6>                             | IOB              | OUTPUT    | LVCMOS33             |       | 12       | SLOW |              |          |          |
| seg<7>                             | IOB              | OUTPUT    | LVCMOS33             |       | 12       | SLOW |              |          |          |
| sw<0>                              | IOB              | INPUT     | LVCMOS33             |       |          |      | ILATCH       |          |          |
| sw<1>                              | IOB              | INPUT     | LVCMOS33             |       |          |      | ILATCH       |          |          |
| sw<2>                              | IOB              | INPUT     | LVCMOS33             |       |          |      | ILATCH       |          |          |
| sw<3>                              | IOB              | INPUT     | LVCMOS33             |       |          |      | ILATCH       |          |          |
| sw<4>                              | IOB              | INPUT     | LVCMOS33             |       |          |      | ILATCH       |          |          |
| sw<5>                              | IOB              | INPUT     | LVCMOS33             |       |          |      | ILATCH       |          |          |
| sw<6>                              | IOB              | INPUT     | LVCMOS33             |       |          |      | ILATCH       |          |          |
| sw<7>                              | IOB              | INPUT     | LVCMOS33             |       |          |      | ILATCH       |          |          |
+---------------------------------------------------------------------------------------------------------------------------------------------------------+

Section 7 - RPMs
----------------

Section 8 - Guide Report
------------------------
Guide not run on this design.

Section 9 - Area Group and Partition Summary
--------------------------------------------

Partition Implementation Status
-------------------------------

  No Partitions were found in this design.

-------------------------------

Area Group Information
----------------------

  No area groups were found in this design.

----------------------

Section 10 - Timing Report
--------------------------
A logic-level (pre-route) timing report can be generated by using Xilinx static
timing analysis tools, Timing Analyzer (GUI) or TRCE (command line), with the
mapped NCD and PCF files. Please note that this timing report will be generated
using estimated delay information. For accurate numbers, please generate a
timing report with the post Place and Route NCD file.

For more information about the Timing Analyzer, consult the Xilinx Timing
Analyzer Reference Manual; for more information about TRCE, consult the Xilinx
Command Line Tools User Guide "TRACE" chapter.

Section 11 - Configuration String Details
-----------------------------------------
Use the "-detail" map option to print out Configuration Strings

Section 12 - Control Set Information
------------------------------------
Use the "-detail" map option to print out Control Set Information.

Section 13 - Utilization by Hierarchy
-------------------------------------
Use the "-detail" map option to print out the Utilization by Hierarchy section.
